<?xml version="1.0" encoding="UTF-8"?>
<testsuite xmlns:xsi="http://www.w3.org/2001/XMLSchema-instance" xsi:noNamespaceSchemaLocation="https://maven.apache.org/surefire/maven-surefire-plugin/xsd/surefire-test-report-3.0.xsd" version="3.0" name="com.mongodannaparcial.app.ParcialDannaPruebasApplicationTests" time="6.951" tests="1" errors="0" skipped="0" failures="0">
  <properties>
[...]
</properties>
  <testcase name="contextLoads" classname="com.mongodannaparcial.app.ParcialDannaPruebasApplicationTests" time="1.799">
    <system-out><![CDATA[12:18:31.131 [main] INFO org.springframework.test.context.support.AnnotationConfigContextLoaderUtils -- Could not detect default configuration classes for test class [com.mongodannaparcial.app.ParcialDannaPruebasApplicationTests]: ParcialDannaPruebasApplicationTests does not declare any static, non-private, non-final, nested classes annotated with @Configuration.
12:18:31.316 [main] INFO org.springframework.boot.test.context.SpringBootTestContextBootstrapper -- Found @SpringBootConfiguration com.mongodannaparcial.app.ParcialDannaPruebasApplication for test class com.mongodannaparcial.app.ParcialDannaPruebasApplicationTests
12:18:31.637 [main] INFO org.springframework.boot.devtools.restart.RestartApplicationListener -- Restart disabled due to context in which it is running

  .   ____          _            __ _ _
 /\\ / ___'_ __ _ _(_)_ __  __ _ \ \ \ \
( ( )\___ | '_ | '_| | '_ \/ _` | \ \ \ \
 \\/  ___)| |_)| | | | | || (_| |  ) ) ) )
  '  |____| .__|_| |_|_| |_\__, | / / / /
 =========|_|==============|___/=/_/_/_/

 :: Spring Boot ::                (v3.3.4)

2024-10-22T12:18:32.059-05:00  INFO 163580 --- [ParcialDannaPruebas] [           main] .m.a.ParcialDannaPruebasApplicationTests : Starting ParcialDannaPruebasApplicationTests using Java 17.0.10 with PID 163580 (started by Danna Millan in C:\TrabajosSpring\ParcialDannaPruebas)
2024-10-22T12:18:32.062-05:00  INFO 163580 --- [ParcialDannaPruebas] [           main] .m.a.ParcialDannaPruebasApplicationTests : No active profile set, falling back to 1 default profile: "default"
2024-10-22T12:18:33.053-05:00  INFO 163580 --- [ParcialDannaPruebas] [           main] .s.d.r.c.RepositoryConfigurationDelegate : Bootstrapping Spring Data MongoDB repositories in DEFAULT mode.
2024-10-22T12:18:33.171-05:00  INFO 163580 --- [ParcialDannaPruebas] [           main] .s.d.r.c.RepositoryConfigurationDelegate : Finished Spring Data repository scanning in 109 ms. Found 2 MongoDB repository interfaces.
2024-10-22T12:18:34.239-05:00  INFO 163580 --- [ParcialDannaPruebas] [           main] org.mongodb.driver.client                : MongoClient with metadata {"driver": {"name": "mongo-java-driver|sync|spring-boot", "version": "5.0.1"}, "os": {"type": "Windows", "name": "Windows 11", "architecture": "amd64", "version": "10.0"}, "platform": "Java/Eclipse Adoptium/17.0.10+7"} created with settings MongoClientSettings{readPreference=primary, writeConcern=WriteConcern{w=null, wTimeout=null ms, journal=null}, retryWrites=true, retryReads=true, readConcern=ReadConcern{level=null}, credential=MongoCredential{mechanism=null, userName='Valentina', source='admin', password=<hidden>, mechanismProperties=<hidden>}, transportSettings=null, commandListeners=[], codecRegistry=ProvidersCodecRegistry{codecProviders=[ValueCodecProvider{}, BsonValueCodecProvider{}, DBRefCodecProvider{}, DBObjectCodecProvider{}, DocumentCodecProvider{}, CollectionCodecProvider{}, IterableCodecProvider{}, MapCodecProvider{}, GeoJsonCodecProvider{}, GridFSFileCodecProvider{}, Jsr310CodecProvider{}, JsonObjectCodecProvider{}, BsonCodecProvider{}, EnumCodecProvider{}, com.mongodb.client.model.mql.ExpressionCodecProvider@3ad8717d, com.mongodb.Jep395RecordCodecProvider@4293e066, com.mongodb.KotlinCodecProvider@d13960e]}, loggerSettings=LoggerSettings{maxDocumentLength=1000}, clusterSettings={hosts=[127.0.0.1:27017], srvHost=valen.bfjxr.mongodb.net, srvServiceName=mongodb, mode=MULTIPLE, requiredClusterType=REPLICA_SET, requiredReplicaSetName='atlas-5qd11e-shard-0', serverSelector='null', clusterListeners='[]', serverSelectionTimeout='30000 ms', localThreshold='15 ms'}, socketSettings=SocketSettings{connectTimeoutMS=10000, readTimeoutMS=0, receiveBufferSize=0, proxySettings=ProxySettings{host=null, port=null, username=null, password=null}}, heartbeatSocketSettings=SocketSettings{connectTimeoutMS=10000, readTimeoutMS=10000, receiveBufferSize=0, proxySettings=ProxySettings{host=null, port=null, username=null, password=null}}, connectionPoolSettings=ConnectionPoolSettings{maxSize=100, minSize=0, maxWaitTimeMS=120000, maxConnectionLifeTimeMS=0, maxConnectionIdleTimeMS=0, maintenanceInitialDelayMS=0, maintenanceFrequencyMS=60000, connectionPoolListeners=[], maxConnecting=2}, serverSettings=ServerSettings{heartbeatFrequencyMS=10000, minHeartbeatFrequencyMS=500, serverListeners='[]', serverMonitorListeners='[]'}, sslSettings=SslSettings{enabled=true, invalidHostNameAllowed=false, context=null}, applicationName='null', compressorList=[], uuidRepresentation=JAVA_LEGACY, serverApi=null, autoEncryptionSettings=null, dnsClient=null, inetAddressResolver=null, contextProvider=null}
2024-10-22T12:18:35.011-05:00  INFO 163580 --- [ParcialDannaPruebas] [jxr.mongodb.net] org.mongodb.driver.cluster               : Adding discovered server valen-shard-00-02.bfjxr.mongodb.net:27017 to client view of cluster
2024-10-22T12:18:35.066-05:00  INFO 163580 --- [ParcialDannaPruebas] [jxr.mongodb.net] org.mongodb.driver.cluster               : Adding discovered server valen-shard-00-01.bfjxr.mongodb.net:27017 to client view of cluster
2024-10-22T12:18:35.070-05:00  INFO 163580 --- [ParcialDannaPruebas] [jxr.mongodb.net] org.mongodb.driver.cluster               : Adding discovered server valen-shard-00-00.bfjxr.mongodb.net:27017 to client view of cluster
2024-10-22T12:18:35.922-05:00  INFO 163580 --- [ParcialDannaPruebas] [           main] .m.a.ParcialDannaPruebasApplicationTests : Started ParcialDannaPruebasApplicationTests in 4.304 seconds (process running for 5.953)
2024-10-22T12:18:36.193-05:00  INFO 163580 --- [ParcialDannaPruebas] [ngodb.net:27017] org.mongodb.driver.cluster               : Monitor thread successfully connected to server with description ServerDescription{address=valen-shard-00-00.bfjxr.mongodb.net:27017, type=REPLICA_SET_SECONDARY, state=CONNECTED, ok=true, minWireVersion=0, maxWireVersion=21, maxDocumentSize=16777216, logicalSessionTimeoutMinutes=30, roundTripTimeNanos=652348800, setName='atlas-5qd11e-shard-0', canonicalAddress=valen-shard-00-00.bfjxr.mongodb.net:27017, hosts=[valen-shard-00-01.bfjxr.mongodb.net:27017, valen-shard-00-02.bfjxr.mongodb.net:27017, valen-shard-00-00.bfjxr.mongodb.net:27017], passives=[], arbiters=[], primary='valen-shard-00-01.bfjxr.mongodb.net:27017', tagSet=TagSet{[Tag{name='availabilityZone', value='southamerica-east1-a'}, Tag{name='diskState', value='READY'}, Tag{name='nodeType', value='ELECTABLE'}, Tag{name='provider', value='GCP'}, Tag{name='region', value='SOUTH_AMERICA_EAST_1'}, Tag{name='workloadType', value='OPERATIONAL'}]}, electionId=null, setVersion=11, topologyVersion=TopologyVersion{processId=6707e4ec0e6c916aa162c922, counter=4}, lastWriteDate=Tue Oct 22 12:18:35 COT 2024, lastUpdateTimeNanos=763997884523100}
2024-10-22T12:18:36.193-05:00  INFO 163580 --- [ParcialDannaPruebas] [ngodb.net:27017] org.mongodb.driver.cluster               : Monitor thread successfully connected to server with description ServerDescription{address=valen-shard-00-01.bfjxr.mongodb.net:27017, type=REPLICA_SET_PRIMARY, state=CONNECTED, ok=true, minWireVersion=0, maxWireVersion=21, maxDocumentSize=16777216, logicalSessionTimeoutMinutes=30, roundTripTimeNanos=652571400, setName='atlas-5qd11e-shard-0', canonicalAddress=valen-shard-00-01.bfjxr.mongodb.net:27017, hosts=[valen-shard-00-01.bfjxr.mongodb.net:27017, valen-shard-00-02.bfjxr.mongodb.net:27017, valen-shard-00-00.bfjxr.mongodb.net:27017], passives=[], arbiters=[], primary='valen-shard-00-01.bfjxr.mongodb.net:27017', tagSet=TagSet{[Tag{name='availabilityZone', value='southamerica-east1-b'}, Tag{name='diskState', value='READY'}, Tag{name='nodeType', value='ELECTABLE'}, Tag{name='provider', value='GCP'}, Tag{name='region', value='SOUTH_AMERICA_EAST_1'}, Tag{name='workloadType', value='OPERATIONAL'}]}, electionId=7fffffff000000000000007b, setVersion=11, topologyVersion=TopologyVersion{processId=6707e835f2396d291b5af0ab, counter=6}, lastWriteDate=Tue Oct 22 12:18:35 COT 2024, lastUpdateTimeNanos=763997884523100}
2024-10-22T12:18:36.193-05:00  INFO 163580 --- [ParcialDannaPruebas] [ngodb.net:27017] org.mongodb.driver.cluster               : Monitor thread successfully connected to server with description ServerDescription{address=valen-shard-00-02.bfjxr.mongodb.net:27017, type=REPLICA_SET_SECONDARY, state=CONNECTED, ok=true, minWireVersion=0, maxWireVersion=21, maxDocumentSize=16777216, logicalSessionTimeoutMinutes=30, roundTripTimeNanos=652583200, setName='atlas-5qd11e-shard-0', canonicalAddress=valen-shard-00-02.bfjxr.mongodb.net:27017, hosts=[valen-shard-00-01.bfjxr.mongodb.net:27017, valen-shard-00-02.bfjxr.mongodb.net:27017, valen-shard-00-00.bfjxr.mongodb.net:27017], passives=[], arbiters=[], primary='valen-shard-00-01.bfjxr.mongodb.net:27017', tagSet=TagSet{[Tag{name='availabilityZone', value='southamerica-east1-c'}, Tag{name='diskState', value='READY'}, Tag{name='nodeType', value='ELECTABLE'}, Tag{name='provider', value='GCP'}, Tag{name='region', value='SOUTH_AMERICA_EAST_1'}, Tag{name='workloadType', value='OPERATIONAL'}]}, electionId=null, setVersion=11, topologyVersion=TopologyVersion{processId=6707ea3f7c939837e8019327, counter=3}, lastWriteDate=Tue Oct 22 12:18:35 COT 2024, lastUpdateTimeNanos=763997884615200}
2024-10-22T12:18:36.200-05:00  INFO 163580 --- [ParcialDannaPruebas] [ngodb.net:27017] org.mongodb.driver.cluster               : Discovered replica set primary valen-shard-00-01.bfjxr.mongodb.net:27017 with max election id 7fffffff000000000000007b and max set version 11
]]></system-out>
  </testcase>
</testsuite>